[debug] [2024-04-12T19:33:00.912Z] ----------------------------------------------------------------------
[debug] [2024-04-12T19:33:00.926Z] Command:       C:\Program Files\nodejs\node.exe C:\Users\User\AppData\Roaming\npm\node_modules\firebase-tools\lib\bin\firebase.js init
[debug] [2024-04-12T19:33:00.927Z] CLI Version:   13.7.1
[debug] [2024-04-12T19:33:00.927Z] Platform:      win32
[debug] [2024-04-12T19:33:00.928Z] Node Version:  v20.12.2
[debug] [2024-04-12T19:33:00.928Z] Time:          Fri Apr 12 2024 22:33:00 GMT+0300 (Москва, стандартное время)
[debug] [2024-04-12T19:33:00.928Z] ----------------------------------------------------------------------
[debug] 
[debug] [2024-04-12T19:33:01.078Z] > command requires scopes: ["email","openid","https://www.googleapis.com/auth/cloudplatformprojects.readonly","https://www.googleapis.com/auth/firebase","https://www.googleapis.com/auth/cloud-platform"]
[debug] [2024-04-12T19:33:01.079Z] > authorizing via signed-in user (aslanbolur@gmail.com)
[info] 
     ######## #### ########  ######## ########     ###     ######  ########
     ##        ##  ##     ## ##       ##     ##  ##   ##  ##       ##
     ######    ##  ########  ######   ########  #########  ######  ######
     ##        ##  ##    ##  ##       ##     ## ##     ##       ## ##
     ##       #### ##     ## ######## ########  ##     ##  ######  ########

You're about to initialize a Firebase project in this directory:

  D:\Development\ServerOfVirtualBank\ServerOfVirtualBank

Before we get started, keep in mind:

  * You are initializing within an existing Firebase project directory

